08/18/2023 09:33:13 - Usuario: psadmin - Accion: Inicio de sesion - Mensaje: Error al autenticar el usuario psadmin. Verifique usuario y clave.
08/18/2023 09:33:23 - Usuario: psadmin - Accion: Inicio de sesion - Mensaje: Error al autenticar el usuario psadmin. Verifique usuario y clave.
08/18/2023 09:33:31 - Usuario: psadmin - Accion: Inicio de sesion - Mensaje: psadmin se ha autenticado satisfactoriamente
08/18/2023 09:34:07 - Usuario: psadmin - Accion: Reporte de usuario - Mensaje: Se hizo un reporte de todos los usuarios del Active Directory
08/18/2023 09:35:42 - Usuario: psadmin - Accion: Reporte de usuario - Mensaje: Se hizo un reporte de los usuarios con claves proximo a expirar en el Active Directory
08/18/2023 09:38:04 - Usuario: psadmin - Accion: Reporte de usuario - Mensaje: Se hizo un reporte de los usuarios con clave que no expiran en el Active Directory
08/18/2023 09:38:53 - Usuario: psadmin - Accion: Inicio de sesion - Mensaje: psadmin se ha autenticado satisfactoriamente
08/18/2023 09:39:15 - Usuario: psadmin - Accion: Reporte de usuario - Mensaje: Se hizo un reporte de los usuarios con clave que no expiran en el Active Directory
08/18/2023 09:39:40 - Usuario: psadmin - Accion: Reporte de usuario - Mensaje: Se hizo un reporte de los usuarios bloqueados en el Active Directory
08/18/2023 09:39:55 - Usuario: psadmin - Accion: Reporte de usuario - Mensaje: Se hizo un reporte de los usuarios deshabilitados en el Active Directory
08/18/2023 09:40:40 - Usuario: psadmin - Accion: cambio de clave - Mensaje: Se cambio la clave del usuario: testkkk
08/18/2023 09:41:25 - Usuario: psadmin - Accion: desbloqueo de cuenta - Mensaje: Se desbloqueo la cuenta de usuario: testbapellido
08/18/2023 09:42:08 - Usuario: psadmin - Accion: habilitacion de cuenta - Mensaje: Se habilito la cuenta de usuario: testxd7
08/18/2023 09:42:42 - Usuario: psadmin - Accion: habilitacion de cuenta - Mensaje: Se habilito la cuenta de usuario: testxd7
08/18/2023 09:43:28 - Usuario: psadmin - Accion: deshabilitacion de cuenta - Mensaje: Se deshabilito la cuenta de usuario: testbapellido
08/18/2023 09:44:46 - Usuario: testlll - Accion: Creacion de cuenta - Mensaje: Se creo la cuenta de usuario: testllapellido
08/18/2023 09:45:23 - Usuario: testlll - Accion: eliminacion de cuenta - Mensaje: Se elimino la cuenta de usuario: testllapellido
08/18/2023 09:45:50 - Usuario: testlll - Accion: revision de cuenta - Mensaje: Se reviso el estdo de la cuenta de usuario: testxd7
08/18/2023 09:46:10 - Usuario: testlll - Accion: revision de cuenta - Mensaje: Se reviso el estdo de la cuenta de usuario: testxd7
08/18/2023 09:46:43 - Usuario: testlll - Accion: revision de cuenta - Mensaje: Se reviso el estdo de la cuenta de usuario: testkkk
08/18/2023 09:47:41 - Usuario: testlll - Accion: eliminacion de cuenta - Mensaje: Se elimino la cuenta de usuario: testkkk
08/18/2023 09:47:57 - Usuario: testlll - Accion: eliminacion de cuenta - Mensaje: Se elimino la cuenta de usuario: testffffapellido
08/18/2023 09:48:22 - Usuario: testlll - Accion: eliminacion de cuenta - Mensaje: Se elimino la cuenta de usuario: testddd
08/18/2023 09:48:39 - Usuario: testlll - Accion: revision de cuenta - Mensaje: Se reviso el estdo de la cuenta de usuario: testbapellido
08/18/2023 09:48:57 - Usuario: testlll - Accion: eliminacion de cuenta - Mensaje: Se elimino la cuenta de usuario: testbapellido
08/18/2023 10:02:54 - Usuario: psadmin - Accion: Inicio de sesion - Mensaje: psadmin se ha autenticado satisfactoriamente
08/18/2023 10:54:07 - Usuario: psadmin - Accion: Inicio de sesion - Mensaje: psadmin se ha autenticado satisfactoriamente
08/18/2023 10:57:19 - Usuario: psadmin - Accion: Inicio de sesion - Mensaje: psadmin se ha autenticado satisfactoriamente
08/18/2023 11:05:30 - Usuario: psadmin - Accion: Inicio de sesion - Mensaje: psadmin se ha autenticado satisfactoriamente
08/18/2023 11:15:36 - Usuario: psadmin - Accion: Inicio de sesion - Mensaje: psadmin se ha autenticado satisfactoriamente
08/18/2023 11:28:24 - Usuario: psadmin - Accion: habilitacion de cuenta - Mensaje: Se habilito la cuenta de usuario: testbcuenta
08/18/2023 11:36:39 - Usuario: psadmin - Accion: Inicio de sesion - Mensaje: Error al autenticar el usuario psadmin. Verifique usuario y clave.
08/18/2023 11:36:45 - Usuario: psadmin - Accion: Inicio de sesion - Mensaje: psadmin se ha autenticado satisfactoriamente
08/18/2023 11:37:50 - Usuario: psadmin - Accion: Inicio de sesion - Mensaje: psadmin se ha autenticado satisfactoriamente
08/18/2023 11:38:18 - Usuario: psadmin - Accion: habilitacion de cuenta - Mensaje: Se habilito la cuenta de usuario: testeo
08/18/2023 11:38:54 - Usuario: psadmin - Accion: revision de cuenta - Mensaje: Se reviso el estdo de la cuenta de usuario: testeo
08/18/2023 11:39:49 - Usuario: psadmin - Accion: Inicio de sesion - Mensaje: Error al autenticar el usuario psadmin. Verifique usuario y clave.
08/18/2023 11:39:56 - Usuario: psadmin - Accion: Inicio de sesion - Mensaje: psadmin se ha autenticado satisfactoriamente
08/18/2023 11:40:30 - Usuario: psadmin - Accion: cambio de clave - Mensaje: Se cambio la clave del usuario: 
08/18/2023 11:41:47 - Usuario: psadmin - Accion: cambio de clave - Mensaje: Se cambio la clave del usuario: 
08/18/2023 11:44:14 - Usuario: psadmin - Accion: cambio de clave - Mensaje: Se cambio la clave del usuario: testaeacuenta
08/18/2023 11:45:13 - Usuario: psadmin - Accion: desbloqueo de cuenta - Mensaje: Se desbloqueo la cuenta de usuario: testbcuenta
08/18/2023 11:45:35 - Usuario: psadmin - Accion: revision de cuenta - Mensaje: Se reviso el estdo de la cuenta de usuario: testbcuenta
08/18/2023 11:46:13 - Usuario: psadmin - Accion: cambio de clave - Mensaje: Se cambio la clave del usuario: testbcuenta
08/18/2023 11:46:35 - Usuario: psadmin - Accion: revision de cuenta - Mensaje: Se reviso el estdo de la cuenta de usuario: testbcuenta
08/18/2023 11:48:25 - Usuario: psadmin - Accion: deshabilitacion de cuenta - Mensaje: Se deshabilito la cuenta de usuario: testbcuenta
08/18/2023 11:48:39 - Usuario: psadmin - Accion: revision de cuenta - Mensaje: Se reviso el estdo de la cuenta de usuario: testbcuenta
08/18/2023 11:49:02 - Usuario: psadmin - Accion: habilitacion de cuenta - Mensaje: Se habilito la cuenta de usuario: testbcuenta
08/18/2023 11:49:30 - Usuario: psadmin - Accion: revision de cuenta - Mensaje: Se reviso el estdo de la cuenta de usuario: testbcuenta
08/18/2023 11:50:36 - Usuario: testjjjjj - Accion: Creacion de cuenta - Mensaje: Se creo la cuenta de usuario: testsjjj
08/18/2023 11:56:01 - Usuario: testjjjjj - Accion: Creacion de cuenta - Mensaje: Se creo la cuenta de usuario: testapepp
08/18/2023 11:57:12 - Usuario: testjjjjj - Accion: eliminacion de cuenta - Mensaje: Se elimino la cuenta de usuario: testapepp
08/18/2023 11:58:16 - Usuario: psadmin - Accion: Inicio de sesion - Mensaje: Error al autenticar el usuario psadmin. Verifique usuario y clave.
08/18/2023 11:58:22 - Usuario: psadmin - Accion: Inicio de sesion - Mensaje: psadmin se ha autenticado satisfactoriamente
08/18/2023 11:59:38 - Usuario: psadmin - Accion: Inicio de sesion - Mensaje: psadmin se ha autenticado satisfactoriamente
08/18/2023 12:00:41 - Usuario: psadmin - Accion: eliminacion de cuenta - Mensaje: Se elimino la cuenta de usuario: testxd7
08/18/2023 12:02:02 - Usuario: psadmin - Accion: Inicio de sesion - Mensaje: psadmin se ha autenticado satisfactoriamente
08/18/2023 12:04:02 - Usuario: psadmin - Accion: cambio de clave - Mensaje: Se cambio la clave del usuario: testxd7
08/18/2023 12:04:38 - Usuario: psadmin - Accion: cambio de clave - Mensaje: Se cambio la clave del usuario: testxd7
08/18/2023 12:10:00 - Usuario: psadmin - Accion: Inicio de sesion - Mensaje: psadmin se ha autenticado satisfactoriamente
08/18/2023 12:14:30 - Usuario: psadmin - Accion: Inicio de sesion - Mensaje: psadmin se ha autenticado satisfactoriamente
08/18/2023 12:17:38 - Usuario: psadmin - Accion: Inicio de sesion - Mensaje: psadmin se ha autenticado satisfactoriamente
08/18/2023 12:32:13 - Usuario: psadmin - Accion: Inicio de sesion - Mensaje: psadmin se ha autenticado satisfactoriamente
08/18/2023 12:35:02 - Usuario: psadmin - Accion: Inicio de sesion - Mensaje: psadmin se ha autenticado satisfactoriamente
08/18/2023 12:36:58 - Usuario: psadmin - Accion: eliminacion de cuenta - Mensaje: Se elimino la cuenta de usuario: testeo
08/18/2023 12:38:11 - Usuario: psadmin - Accion: Inicio de sesion - Mensaje: psadmin se ha autenticado satisfactoriamente
08/18/2023 12:38:42 - Usuario: psadmin - Accion: eliminacion de cuenta - Mensaje: Se elimino la cuenta de usuario: testbcuenta
08/18/2023 12:39:35 - Usuario: psadmin - Accion: eliminacion de cuenta - Mensaje: Se elimino la cuenta de usuario: testsjjj
08/18/2023 12:40:18 - Usuario: psadmin - Accion: eliminacion de cuenta - Mensaje: Se elimino la cuenta de usuario: 
08/18/2023 12:44:08 - Usuario: psadmin - Accion: Inicio de sesion - Mensaje: psadmin se ha autenticado satisfactoriamente
08/18/2023 12:45:25 - Usuario: psadmin - Accion: Inicio de sesion - Mensaje: psadmin se ha autenticado satisfactoriamente
08/18/2023 12:45:57 - Usuario: psadmin - Accion: eliminacion de cuenta - Mensaje: Se elimino la cuenta de usuario: 
08/18/2023 12:48:04 - Usuario: psadmin - Accion: Inicio de sesion - Mensaje: psadmin se ha autenticado satisfactoriamente
08/18/2023 12:48:38 - Usuario: psadmin - Accion: eliminacion de cuenta - Mensaje: Se elimino la cuenta de usuario: testcapellido
08/18/2023 12:49:08 - Usuario: psadmin - Accion: eliminacion de cuenta - Mensaje: Se elimino la cuenta de usuario: 
08/18/2023 12:50:57 - Usuario: psadmin - Accion: Inicio de sesion - Mensaje: psadmin se ha autenticado satisfactoriamente
08/18/2023 12:51:11 - Usuario: psadmin - Accion: eliminacion de cuenta - Mensaje: Se elimino la cuenta de usuario: 
08/18/2023 12:53:44 - Usuario: psadmin - Accion: Inicio de sesion - Mensaje: psadmin se ha autenticado satisfactoriamente
08/18/2023 12:54:15 - Usuario: psadmin - Accion: eliminacion de cuenta - Mensaje: Se elimino la cuenta de usuario: 
08/18/2023 12:55:04 - Usuario: psadmin - Accion: eliminacion de cuenta - Mensaje: Se elimino la cuenta de usuario: samtest01
08/18/2023 12:55:32 - Usuario: psadmin - Accion: eliminacion de cuenta - Mensaje: Se elimino la cuenta de usuario: 
08/18/2023 12:58:16 - Usuario: psadmin - Accion: Inicio de sesion - Mensaje: psadmin se ha autenticado satisfactoriamente
08/18/2023 12:58:43 - Usuario: psadmin - Accion: eliminacion de cuenta - Mensaje: Se elimino la cuenta de usuario: 
08/18/2023 12:59:22 - Usuario: psadmin - Accion: eliminacion de cuenta - Mensaje: Se elimino la cuenta de usuario: testaeacuenta
08/18/2023 12:59:53 - Usuario: psadmin - Accion: eliminacion de cuenta - Mensaje: Se elimino la cuenta de usuario: 
08/18/2023 13:03:26 - Usuario: psadmin - Accion: Inicio de sesion - Mensaje: psadmin se ha autenticado satisfactoriamente
08/18/2023 13:03:43 - Usuario: psadmin - Accion: eliminacion de cuenta - Mensaje: Se elimino la cuenta de usuario: 
08/18/2023 13:09:02 - Usuario: psadmin - Accion: eliminacion de cuenta - Mensaje: Se elimino la cuenta de usuario: testaeacuenta
08/18/2023 13:10:05 - Usuario: psadmin - Accion: Inicio de sesion - Mensaje: psadmin se ha autenticado satisfactoriamente
08/18/2023 13:10:28 - Usuario: psadmin - Accion: eliminacion de cuenta - Mensaje: Se elimino la cuenta de usuario: 
08/18/2023 13:10:52 - Usuario: psadmin - Accion: eliminacion de cuenta - Mensaje: Se elimino la cuenta de usuario: 
08/18/2023 13:13:06 - Usuario: psadmin - Accion: Inicio de sesion - Mensaje: psadmin se ha autenticado satisfactoriamente
08/18/2023 13:13:16 - Usuario: psadmin - Accion: eliminacion de cuenta - Mensaje: Se elimino la cuenta de usuario: 
08/18/2023 13:14:33 - Usuario: psadmin - Accion: Inicio de sesion - Mensaje: psadmin se ha autenticado satisfactoriamente
08/18/2023 13:15:11 - Usuario: psadmin - Accion: eliminacion de cuenta - Mensaje: Se elimino la cuenta de usuario: 
08/18/2023 13:19:29 - Usuario: psadmin - Accion: Inicio de sesion - Mensaje: psadmin se ha autenticado satisfactoriamente
08/18/2023 13:20:04 - Usuario: psadmin - Accion: eliminacion de cuenta - Mensaje: Se elimino la cuenta de usuario: 
08/18/2023 13:20:35 - Usuario: psadmin - Accion: eliminacion de cuenta - Mensaje: Se elimino la cuenta de usuario: 
08/18/2023 13:24:45 - Usuario: psadmin - Accion: Inicio de sesion - Mensaje: psadmin se ha autenticado satisfactoriamente
08/18/2023 13:25:06 - Usuario: psadmin - Accion: eliminacion de cuenta - Mensaje: Se elimino la cuenta de usuario: 
08/18/2023 13:25:29 - Usuario: psadmin - Accion: revision de cuenta - Mensaje: Se reviso el estdo de la cuenta de usuario: testsjjj
08/18/2023 13:26:24 - Usuario: psadmin - Accion: Creacion de cuenta - Mensaje: Se creo la cuenta de usuario: testqqq
08/18/2023 13:27:09 - Usuario: psadmin - Accion: Creacion de cuenta - Mensaje: Se creo la cuenta de usuario: testwwww
08/18/2023 13:28:07 - Usuario: psadmin - Accion: Creacion de cuenta - Mensaje: Se creo la cuenta de usuario: testeeeeee
08/18/2023 13:28:52 - Usuario: psadmin - Accion: Creacion de cuenta - Mensaje: Se creo la cuenta de usuario: testrrrr
08/18/2023 13:29:29 - Usuario: psadmin - Accion: cambio de clave - Mensaje: Se cambio la clave del usuario: testrrrr
08/18/2023 13:30:51 - Usuario: psadmin - Accion: cambio de clave - Mensaje: Se cambio la clave del usuario: testxd7
08/18/2023 13:33:19 - Usuario: psadmin - Accion: Inicio de sesion - Mensaje: psadmin se ha autenticado satisfactoriamente
08/18/2023 13:33:43 - Usuario: psadmin - Accion: cambio de clave - Mensaje: Se cambio la clave del usuario: testrrrr
08/18/2023 13:34:34 - Usuario: psadmin - Accion: cambio de clave - Mensaje: Se cambio la clave del usuario: test
08/18/2023 13:43:52 - Usuario: psadmin - Accion: Inicio de sesion - Mensaje: psadmin se ha autenticado satisfactoriamente
08/18/2023 13:46:20 - Usuario: psadmin - Accion: Inicio de sesion - Mensaje: psadmin se ha autenticado satisfactoriamente
08/18/2023 13:46:42 - Usuario: psadmin - Accion: cambio de clave - Mensaje: Se cambio la clave del usuario: test
08/18/2023 13:47:06 - Usuario: psadmin - Accion: cambio de clave - Mensaje: Se cambio la clave del usuario: testrrrr
08/18/2023 13:49:38 - Usuario: psadmin - Accion: Inicio de sesion - Mensaje: psadmin se ha autenticado satisfactoriamente
08/18/2023 13:52:23 - Usuario: psadmin - Accion: Inicio de sesion - Mensaje: psadmin se ha autenticado satisfactoriamente
08/18/2023 13:53:29 - Usuario: psadmin - Accion: cambio de clave - Mensaje: Se cambio la clave del usuario: testsjjj
08/18/2023 13:53:55 - Usuario: psadmin - Accion: cambio de clave - Mensaje: Se cambio la clave del usuario: test
08/18/2023 13:54:53 - Usuario: psadmin - Accion: cambio de clave - Mensaje: Se cambio la clave del usuario: testrrrr
08/18/2023 13:56:26 - Usuario: psadmin - Accion: eliminacion de cuenta - Mensaje: Se elimino la cuenta de usuario: testrrrr
08/18/2023 13:57:00 - Usuario: psadmin - Accion: cambio de clave - Mensaje: Se cambio la clave del usuario: testrrrr
08/18/2023 13:57:31 - Usuario: psadmin - Accion: eliminacion de cuenta - Mensaje: Se elimino la cuenta de usuario: testrrrr
08/18/2023 13:57:47 - Usuario: psadmin - Accion: eliminacion de cuenta - Mensaje: Se elimino la cuenta de usuario: testeeeeee
08/18/2023 13:58:01 - Usuario: psadmin - Accion: eliminacion de cuenta - Mensaje: Se elimino la cuenta de usuario: testwwww
08/18/2023 13:58:23 - Usuario: psadmin - Accion: eliminacion de cuenta - Mensaje: Se elimino la cuenta de usuario: testqqq
08/18/2023 13:58:36 - Usuario: psadmin - Accion: eliminacion de cuenta - Mensaje: Se elimino la cuenta de usuario: testsjjj
08/18/2023 13:58:57 - Usuario: psadmin - Accion: eliminacion de cuenta - Mensaje: Se elimino la cuenta de usuario: testaeacuenta
08/18/2023 13:59:10 - Usuario: psadmin - Accion: eliminacion de cuenta - Mensaje: Se elimino la cuenta de usuario: samtest01
08/18/2023 13:59:29 - Usuario: psadmin - Accion: eliminacion de cuenta - Mensaje: Se elimino la cuenta de usuario: testuser3
08/18/2023 14:05:31 - Usuario: psadmin - Accion: Inicio de sesion - Mensaje: psadmin se ha autenticado satisfactoriamente
08/18/2023 14:06:08 - Usuario: psadmin - Accion: Visor de eventos - Mensaje: revision de logs de inicio de sesion de u suario test test
08/18/2023 14:06:47 - Usuario: psadmin - Accion: Visor de eventos - Mensaje: revision de logs de inicio de sesion de u suario Calidadservicios Calidadservicios
08/18/2023 14:59:28 - Usuario: psadmin - Accion: Inicio de sesion - Mensaje: psadmin se ha autenticado satisfactoriamente
08/18/2023 14:59:59 - Usuario: psadmin - Accion: Visor de eventos - Mensaje: revision de logs de inicio de sesion de u suario yvaldes yvaldes
